/home/asim/tcl/bin/Spin/Src6.4.3/spin -a  model
gcc -DMEMLIM=1024 -O2 -DXUSAFE -DSAFETY   -DMA=1520  -DCOLLAPSE  -DVECTORSZ=2048 -w -o pan pan.c -lm
./pan -m10000   -c1 -N SSR2
Pid: 3493
warning: only one claim defined, -N ignored
warning: never claim + accept labels requires -a flag to fully verify
warning: for p.o. reduction to be valid the never claim must be stutter-invariant
(never claims generated from LTL formulae are stutter-invariant)
Depth=    4922 States=    1e+06 Transitions= 1.62e+06 Nodes=  107835 Memory=   202.794	t=      163 R=   6e+03
Depth=    4922 States=    2e+06 Transitions= 3.25e+06 Nodes=  198814 Memory=   266.271	t=      331 R=   6e+03
Depth=    4922 States=    3e+06 Transitions= 4.88e+06 Nodes=  292816 Memory=   335.216	t=      487 R=   6e+03
Depth=    4922 States=    4e+06 Transitions=  6.5e+06 Nodes=  386228 Memory=   400.060	t=      647 R=   6e+03


(Spin Version 6.4.3 -- 16 December 2014)
Warning: Search not completed
	+ Partial Order Reduction
	+ Compression
	+ Graph Encoding (-DMA=1520)

Full statespace search for:
	never claim         	+ (never_0)
	assertion violations	+ (if within scope of claim)
	cycle checks       	- (disabled by -DSAFETY)
	invalid end states	- (disabled by never claim)

State-vector 1376 byte, depth reached 4922, errors: 0
  4236815 states, stored
  2653114 states, matched
  6889929 transitions (= stored+matched)
  1134343 atomic steps

Stats on memory usage (in Megabytes):
 5672.920	equivalent memory usage for states (stored*(State-vector + overhead))
  285.450	actual memory usage for states (compression: 5.03%)
  128.000	memory used for hash table (-w24)
    0.534	memory used for DFS stack (-m10000)
  415.099	total actual memory usage


nr of templates: [ 0:globals 1:chans 2:procs ]
collapse counts: [ 0:210977 2:1 3:33 4:33 5:13 6:195 7:159 8:19261 9:51 10:7 11:314 12:4 ]

pan: elapsed time 686 seconds
pan: rate 6180.2594 states/second
To replay the error-trail, goto Simulate/Replay and select "Run"


