/home/asim/tcl/bin/Spin/Src6.4.3/spin -a  model
gcc -DMEMLIM=2048 -O2 -DXUSAFE -DSAFETY   -DMA=1520  -DCOLLAPSE  -DVECTORSZ=2048 -w -o pan pan.c -lm
./pan -m10000   -N SSR6
Pid: 6784
warning: only one claim defined, -N ignored
warning: never claim + accept labels requires -a flag to fully verify
warning: for p.o. reduction to be valid the never claim must be stutter-invariant
(never claims generated from LTL formulae are stutter-invariant)
Depth=    4352 States=    1e+06 Transitions= 1.73e+06 Nodes=   75788 Memory=   196.544	t=      144 R=   7e+03
Depth=    4352 States=    2e+06 Transitions= 3.47e+06 Nodes=  109152 Memory=   252.989	t=      312 R=   6e+03
Depth=    4352 States=    3e+06 Transitions=  5.2e+06 Nodes=  144118 Memory=   311.778	t=      477 R=   6e+03
Depth=    5026 States=    4e+06 Transitions= 6.93e+06 Nodes=  216317 Memory=   369.005	t=      648 R=   6e+03
Depth=    5026 States=    5e+06 Transitions= 8.67e+06 Nodes=  284312 Memory=   423.302	t=      810 R=   6e+03
 Depth=    5026 States=    6e+06 Transitions= 1.04e+07 Nodes=  353428 Memory=   477.989	t=      971 R=   6e+03
Depth=    5026 States=    7e+06 Transitions= 1.21e+07 Nodes=  421873 Memory=   532.286	t= 1.13e+03 R=   6e+03
Depth=    5026 States=    8e+06 Transitions= 1.39e+07 Nodes=  496587 Memory=   586.388	t=  1.3e+03 R=   6e+03
Depth=    5026 States=    9e+06 Transitions= 1.56e+07 Nodes=  529877 Memory=   639.317	t= 1.46e+03 R=   6e+03
Depth=    5026 States=    1e+07 Transitions= 1.73e+07 Nodes=  564621 Memory=   694.786	t= 1.62e+03 R=   6e+03
Depth=    5026 States=  1.1e+07 Transitions=  1.9e+07 Nodes=  612036 Memory=   749.669	t= 1.79e+03 R=   6e+03
Depth=    5026 States=  1.2e+07 Transitions= 2.08e+07 Nodes=  677933 Memory=   798.692	t= 1.96e+03 R=   6e+03
stopped
Interrupted

(Spin Version 6.4.3 -- 16 December 2014)
Warning: Search not completed
	+ Partial Order Reduction
	+ Compression
	+ Graph Encoding (-DMA=1520)

Full statespace search for:
	never claim         	+ (never_0)
	assertion violations	+ (if within scope of claim)
	cycle checks       	- (disabled by -DSAFETY)
	invalid end states	- (disabled by never claim)

State-vector 1376 byte, depth reached 5026, errors: 0
 12485401 states, stored
  9120869 states, matched
 21606270 transitions (= stored+matched)
  3395833 atomic steps

Stats on memory usage (in Megabytes):
16717.437	equivalent memory usage for states (stored*(State-vector + overhead))
  691.642	actual memory usage for states (compression: 4.14%)
  128.000	memory used for hash table (-w24)
    0.534	memory used for DFS stack (-m10000)
    1.167	memory lost to fragmentation
  820.763	total actual memory usage


nr of templates: [ 0:globals 1:chans 2:procs ]
collapse counts: [ 0:535584 2:1 3:33 4:33 5:13 6:229 7:5749 8:14867 9:48 10:7 11:297 12:4 ]

pan: elapsed time 2.04e+03 seconds
pan: rate 6121.3749 states/second
To replay the error-trail, goto Simulate/Replay and select "Run"


