/home/asim/tcl/bin/Spin/Src6.4.3/spin -a  model
gcc -DMEMLIM=1024 -O2 -DXUSAFE -DSAFETY   -DMA=1520  -DCOLLAPSE  -DVECTORSZ=2048 -w -o pan pan.c -lm
./pan -m10000   -c1 -N SSR2
Pid: 5683
warning: only one claim defined, -N ignored
warning: never claim + accept labels requires -a flag to fully verify
warning: for p.o. reduction to be valid the never claim must be stutter-invariant
(never claims generated from LTL formulae are stutter-invariant)
error: max search depth too small
Depth=    9999 States=    1e+06 Transitions= 1.76e+06 Nodes=  258639 Memory=   209.825	t=      144 R=   7e+03
Depth=    9999 States=    2e+06 Transitions= 3.53e+06 Nodes=  421285 Memory=   263.927	t=      301 R=   7e+03
Depth=    9999 States=    3e+06 Transitions= 5.32e+06 Nodes=  540574 Memory=   312.755	t=      464 R=   6e+03
Depth=    9999 States=    4e+06 Transitions= 7.03e+06 Nodes=  765281 Memory=   423.106	t=      628 R=   6e+03
Depth=    9999 States=    5e+06 Transitions= 8.77e+06 Nodes=  939519 Memory=   519.396	t=      788 R=   6e+03
Depth=    9999 States=    6e+06 Transitions= 1.05e+07 Nodes= 1143724 Memory=   628.185	t=      948 R=   6e+03
Depth=    9999 States=    7e+06 Transitions= 1.22e+07 Nodes= 1342962 Memory=   734.630	t= 1.11e+03 R=   6e+03
Depth=    9999 States=    8e+06 Transitions= 1.39e+07 Nodes= 1523867 Memory=   833.067	t= 1.27e+03 R=   6e+03
stopped
Interrupted

(Spin Version 6.4.3 -- 16 December 2014)
Warning: Search not completed
	+ Partial Order Reduction
	+ Compression
	+ Graph Encoding (-DMA=1520)

Full statespace search for:
	never claim         	+ (never_0)
	assertion violations	+ (if within scope of claim)
	cycle checks       	- (disabled by -DSAFETY)
	invalid end states	- (disabled by never claim)

State-vector 1376 byte, depth reached 9999, errors: 0
  8851830 states, stored
  6561748 states, matched
 15413578 transitions (= stored+matched)
  5436472 atomic steps

Stats on memory usage (in Megabytes):
11852.235	equivalent memory usage for states (stored*(State-vector + overhead))
  788.854	actual memory usage for states (compression: 6.66%)
  128.000	memory used for hash table (-w24)
    0.534	memory used for DFS stack (-m10000)
    1.349	memory lost to fragmentation
  919.591	total actual memory usage


nr of templates: [ 0:globals 1:chans 2:procs ]
collapse counts: [ 0:633212 2:1 3:33 4:33 5:7 6:836 7:22549 8:61479 9:47 10:7 11:455 12:4 ]

pan: elapsed time 1.4e+03 seconds
pan: rate 6307.7773 states/second
To replay the error-trail, goto Simulate/Replay and select "Run"


